<?xml version="1.0" encoding="UTF-8"?>
<testng-results skipped="0" failed="0" total="1" passed="1">
  <reporter-output>
  </reporter-output>
  <suite name="Default suite" duration-ms="24873" started-at="2019-03-31T04:33:32Z" finished-at="2019-03-31T04:33:57Z">
    <groups>
      <group name="123">
        <method signature="AusMyPostBusinessBTestIT.loginToAusPostMyPostBusinessApp(java.lang.String, java.lang.String)[pri:0, instance:test.java.it.ausposttests.AusMyPostBusinessBTestIT@2833cc44]" name="loginToAusPostMyPostBusinessApp" class="test.java.it.ausposttests.AusMyPostBusinessBTestIT"/>
      </group> <!-- 123 -->
      <group name="auspostgrp">
        <method signature="AusMyPostBusinessBTestIT.loginToAusPostMyPostBusinessApp(java.lang.String, java.lang.String)[pri:0, instance:test.java.it.ausposttests.AusMyPostBusinessBTestIT@2833cc44]" name="loginToAusPostMyPostBusinessApp" class="test.java.it.ausposttests.AusMyPostBusinessBTestIT"/>
      </group> <!-- auspostgrp -->
      <group name="auspostmypostbusinessgrp">
        <method signature="AusMyPostBusinessBTestIT.loginToAusPostMyPostBusinessApp(java.lang.String, java.lang.String)[pri:0, instance:test.java.it.ausposttests.AusMyPostBusinessBTestIT@2833cc44]" name="loginToAusPostMyPostBusinessApp" class="test.java.it.ausposttests.AusMyPostBusinessBTestIT"/>
      </group> <!-- auspostmypostbusinessgrp -->
    </groups>
    <test name="Default test" duration-ms="24873" started-at="2019-03-31T04:33:32Z" finished-at="2019-03-31T04:33:57Z">
      <class name="test.java.it.ausposttests.AusMyPostBusinessBTestIT">
        <test-method status="PASS" signature="configFileReader()[pri:0, instance:test.java.it.ausposttests.AusMyPostBusinessBTestIT@2833cc44]" name="configFileReader" is-config="true" duration-ms="13632" started-at="2019-03-31T15:33:32Z" finished-at="2019-03-31T15:33:46Z">
          <reporter-output>
          </reporter-output>
        </test-method> <!-- configFileReader -->
        <test-method status="PASS" signature="loginToAusPostMyPostBusinessApp(java.lang.String, java.lang.String)[pri:0, instance:test.java.it.ausposttests.AusMyPostBusinessBTestIT@2833cc44]" name="loginToAusPostMyPostBusinessApp" duration-ms="10442" started-at="2019-03-31T15:33:46Z" data-provider="filldata" finished-at="2019-03-31T15:33:56Z">
          <params>
            <param index="0">
              <value>
                <![CDATA[phmanuja@gmail.com]]>
              </value>
            </param>
            <param index="1">
              <value>
                <![CDATA[Karunyam16#]]>
              </value>
            </param>
          </params>
          <reporter-output>
          </reporter-output>
        </test-method> <!-- loginToAusPostMyPostBusinessApp -->
        <test-method status="PASS" signature="tearDown(org.testng.ITestResult)[pri:0, instance:test.java.it.ausposttests.AusMyPostBusinessBTestIT@2833cc44]" name="tearDown" is-config="true" duration-ms="360" started-at="2019-03-31T15:33:56Z" finished-at="2019-03-31T15:33:57Z">
          <params>
            <param index="0">
              <value>
                <![CDATA[[TestResult name=loginToAusPostMyPostBusinessApp status=SUCCESS method=AusMyPostBusinessBTestIT.loginToAusPostMyPostBusinessApp(java.lang.String, java.lang.String)[pri:0, instance:test.java.it.ausposttests.AusMyPostBusinessBTestIT@2833cc44] output={null}]]]>
              </value>
            </param>
          </params>
          <reporter-output>
          </reporter-output>
        </test-method> <!-- tearDown -->
      </class> <!-- test.java.it.ausposttests.AusMyPostBusinessBTestIT -->
    </test> <!-- Default test -->
  </suite> <!-- Default suite -->
</testng-results>
